0 info it worked if it ends with ok
1 verbose cli [ 'node', '/usr/local/bin/npm', 'install', '-g', 'ionic' ]
2 info using npm@2.11.3
3 info using node@v0.12.7
4 verbose install initial load of /usr/local/lib/package.json
5 verbose readDependencies loading dependencies from /usr/local/lib/package.json
6 silly cache add args [ 'ionic', null ]
7 verbose cache add spec ionic
8 silly cache add parsed spec { raw: 'ionic',
8 silly cache add   scope: null,
8 silly cache add   name: 'ionic',
8 silly cache add   rawSpec: '',
8 silly cache add   spec: '*',
8 silly cache add   type: 'range' }
9 silly addNamed ionic@*
10 verbose addNamed "*" is a valid semver range for ionic
11 silly addNameRange { name: 'ionic', range: '*', hasData: false }
12 silly mapToRegistry name ionic
13 silly mapToRegistry using default registry
14 silly mapToRegistry registry https://registry.npmjs.org/
15 silly mapToRegistry uri https://registry.npmjs.org/ionic
16 verbose addNameRange registry:https://registry.npmjs.org/ionic not in flight; fetching
17 verbose request uri https://registry.npmjs.org/ionic
18 verbose request no auth needed
19 info attempt registry request try #1 at 12:01:04 PM
20 verbose request id 0b1a813685734780
21 verbose etag "BZH36RG89YE5S7JFBRMJ4JSJW"
22 http request GET https://registry.npmjs.org/ionic
23 http 304 https://registry.npmjs.org/ionic
24 silly get cb [ 304,
24 silly get   { date: 'Sun, 10 Apr 2016 17:01:03 GMT',
24 silly get     via: '1.1 varnish',
24 silly get     'cache-control': 'max-age=300',
24 silly get     etag: '"BZH36RG89YE5S7JFBRMJ4JSJW"',
24 silly get     age: '246',
24 silly get     connection: 'keep-alive',
24 silly get     'x-served-by': 'cache-atl6251-ATL',
24 silly get     'x-cache': 'HIT',
24 silly get     'x-cache-hits': '1',
24 silly get     'x-timer': 'S1460307663.863664,VS0,VE1',
24 silly get     vary: 'Accept-Encoding' } ]
25 verbose etag https://registry.npmjs.org/ionic from cache
26 verbose get saving ionic to /Users/joanrincon/.npm/registry.npmjs.org/ionic/.cache.json
27 silly addNameRange number 2 { name: 'ionic', range: '*', hasData: true }
28 silly addNameRange versions [ 'ionic',
28 silly addNameRange   [ '0.9.6',
28 silly addNameRange     '0.9.8',
28 silly addNameRange     '0.9.9',
28 silly addNameRange     '0.9.10',
28 silly addNameRange     '0.9.11',
28 silly addNameRange     '0.9.12',
28 silly addNameRange     '0.9.13',
28 silly addNameRange     '0.9.14',
28 silly addNameRange     '0.9.15',
28 silly addNameRange     '0.9.16',
28 silly addNameRange     '1.0.0-beta.1',
28 silly addNameRange     '1.0.0-beta',
28 silly addNameRange     '1.0.1-beta',
28 silly addNameRange     '1.0.3-beta',
28 silly addNameRange     '1.0.4',
28 silly addNameRange     '1.0.5',
28 silly addNameRange     '1.0.6',
28 silly addNameRange     '1.0.7',
28 silly addNameRange     '1.0.8',
28 silly addNameRange     '1.0.9',
28 silly addNameRange     '1.0.10',
28 silly addNameRange     '1.0.11',
28 silly addNameRange     '1.0.12',
28 silly addNameRange     '1.0.13',
28 silly addNameRange     '1.0.14',
28 silly addNameRange     '1.0.15',
28 silly addNameRange     '1.0.16',
28 silly addNameRange     '1.0.17',
28 silly addNameRange     '1.1.0-beta1',
28 silly addNameRange     '1.1.0-beta2',
28 silly addNameRange     '1.1.0-beta3',
28 silly addNameRange     '1.1.0-beta4',
28 silly addNameRange     '1.1.0-beta5',
28 silly addNameRange     '1.1.0-beta6',
28 silly addNameRange     '1.1.0',
28 silly addNameRange     '1.1.1-beta1',
28 silly addNameRange     '1.1.1-beta2',
28 silly addNameRange     '1.1.1-beta3',
28 silly addNameRange     '1.1.1',
28 silly addNameRange     '1.1.3',
28 silly addNameRange     '1.1.4',
28 silly addNameRange     '1.1.5-beta1',
28 silly addNameRange     '1.1.5-beta2',
28 silly addNameRange     '1.1.5-beta3',
28 silly addNameRange     '1.1.5-beta4',
28 silly addNameRange     '1.1.5-beta5',
28 silly addNameRange     '1.1.5',
28 silly addNameRange     '1.1.6',
28 silly addNameRange     '1.1.7-beta1',
28 silly addNameRange     '1.1.7',
28 silly addNameRange     '1.1.8-beta1',
28 silly addNameRange     '1.1.8-beta2',
28 silly addNameRange     '1.1.8-beta3',
28 silly addNameRange     '1.1.8-beta4',
28 silly addNameRange     '1.1.8-beta5',
28 silly addNameRange     '1.1.8',
28 silly addNameRange     '1.1.9-beta1',
28 silly addNameRange     '1.1.9',
28 silly addNameRange     '1.1.10',
28 silly addNameRange     '1.1.11-beta1',
28 silly addNameRange     '1.1.11-beta2',
28 silly addNameRange     '1.1.11',
28 silly addNameRange     '1.1.12-beta1',
28 silly addNameRange     '1.1.12-beta2',
28 silly addNameRange     '1.1.12-beta3',
28 silly addNameRange     '1.1.12',
28 silly addNameRange     '1.1.13',
28 silly addNameRange     '1.1.14-beta1',
28 silly addNameRange     '1.1.14-beta2',
28 silly addNameRange     '1.1.14-beta3',
28 silly addNameRange     '1.2.0-beta1',
28 silly addNameRange     '1.2.0',
28 silly addNameRange     '1.2.1-beta1',
28 silly addNameRange     '1.2.1-beta2',
28 silly addNameRange     '1.2.1-beta3',
28 silly addNameRange     '1.2.1-beta4',
28 silly addNameRange     '1.2.1',
28 silly addNameRange     '1.2.2',
28 silly addNameRange     '1.2.3-beta1',
28 silly addNameRange     '1.2.3-beta2',
28 silly addNameRange     '1.2.3-beta3',
28 silly addNameRange     '1.2.3',
28 silly addNameRange     '1.2.4-beta1',
28 silly addNameRange     '1.2.4-beta2',
28 silly addNameRange     '1.2.4-beta3',
28 silly addNameRange     '1.2.4',
28 silly addNameRange     '1.2.5-beta1',
28 silly addNameRange     '1.2.5-beta2',
28 silly addNameRange     '1.2.5-beta3',
28 silly addNameRange     '1.2.5',
28 silly addNameRange     '1.2.6-beta1',
28 silly addNameRange     '1.2.6-beta2',
28 silly addNameRange     '1.2.6-beta3',
28 silly addNameRange     '1.2.6',
28 silly addNameRange     '1.2.7',
28 silly addNameRange     '1.2.8-beta1',
28 silly addNameRange     '1.2.8-beta2',
28 silly addNameRange     '1.2.8',
28 silly addNameRange     '1.2.9',
28 silly addNameRange     '1.2.10',
28 silly addNameRange     '1.2.11',
28 silly addNameRange     '1.2.12',
28 silly addNameRange     '1.2.13',
28 silly addNameRange     '1.2.14-beta1',
28 silly addNameRange     '1.2.14-beta2',
28 silly addNameRange     '1.2.14-beta3',
28 silly addNameRange     '1.2.14-beta4',
28 silly addNameRange     '1.2.14-beta5',
28 silly addNameRange     '1.2.14-beta6',
28 silly addNameRange     '1.2.14',
28 silly addNameRange     '1.3.0-beta1',
28 silly addNameRange     '1.3.0',
28 silly addNameRange     '1.3.1',
28 silly addNameRange     '1.3.2',
28 silly addNameRange     '1.3.3',
28 silly addNameRange     '1.3.4',
28 silly addNameRange     '1.3.5',
28 silly addNameRange     '1.3.6',
28 silly addNameRange     '1.3.7',
28 silly addNameRange     '1.3.8',
28 silly addNameRange     '1.3.9',
28 silly addNameRange     '1.3.10',
28 silly addNameRange     '1.4.0-alpha.1',
28 silly addNameRange     '1.3.11',
28 silly addNameRange     '1.3.1-1.alpha.0',
28 silly addNameRange     '1.4.0-alpha.2',
28 silly addNameRange     '1.3.12',
28 silly addNameRange     '1.3.12-beta.1',
28 silly addNameRange     '1.3.12-beta.2',
28 silly addNameRange     '1.3.13-beta.0',
28 silly addNameRange     '1.3.1-3.beta.1',
28 silly addNameRange     '1.3.1-3.beta.2',
28 silly addNameRange     '1.3.13',
28 silly addNameRange     '1.3.1-3.beta.4',
28 silly addNameRange     '1.3.14-beta',
28 silly addNameRange     '1.3.14-beta.1',
28 silly addNameRange     '1.4.0-alpha.3',
28 silly addNameRange     '1.3.14',
28 silly addNameRange     '1.4.0-alpha.4',
28 silly addNameRange     '1.4.0-alpha.5',
28 silly addNameRange     '1.3.15-beta.0',
28 silly addNameRange     '1.3.15-beta.1',
28 silly addNameRange     '1.3.15-beta.2',
28 silly addNameRange     '1.3.15-beta.3',
28 silly addNameRange     '1.3.15-beta.4',
28 silly addNameRange     '1.3.15',
28 silly addNameRange     '1.3.16',
28 silly addNameRange     '1.4.0-alpha.6',
28 silly addNameRange     '1.3.17-beta.0',
28 silly addNameRange     '1.3.17-beta.1',
28 silly addNameRange     '1.3.17-beta.2',
28 silly addNameRange     '1.3.17-beta.3',
28 silly addNameRange     '1.3.1-7.beta.4',
28 silly addNameRange     '1.3.17',
28 silly addNameRange     '1.3.18-beta.0',
28 silly addNameRange     '1.3.18-beta.1',
28 silly addNameRange     '1.3.18-beta.2',
28 silly addNameRange     '1.3.18-beta.3',
28 silly addNameRange     '1.3.18',
28 silly addNameRange     '1.3.19-beta.0',
28 silly addNameRange     '1.3.19-beta.1',
28 silly addNameRange     '1.3.19-beta.2',
28 silly addNameRange     '1.3.19-beta.3',
28 silly addNameRange     '1.3.19-beta.4',
28 silly addNameRange     '1.3.19',
28 silly addNameRange     '1.3.20',
28 silly addNameRange     '1.4.1-beta.0',
28 silly addNameRange     '1.4.0-beta.1',
28 silly addNameRange     '1.4.0-beta.2',
28 silly addNameRange     '1.4.0-beta.3',
28 silly addNameRange     '1.4.0-beta.5',
28 silly addNameRange     '1.4.0-beta.6',
28 silly addNameRange     '1.4.0-beta.7',
28 silly addNameRange     '1.3.21-beta.0',
28 silly addNameRange     '1.3.21-beta.1',
28 silly addNameRange     '1.3.21',
28 silly addNameRange     '1.3.22',
28 silly addNameRange     '1.4.0-beta.8',
28 silly addNameRange     '1.4.0-beta.9',
28 silly addNameRange     '1.4.0-beta.10',
28 silly addNameRange     '1.4.0-beta.11',
28 silly addNameRange     '1.4.0-beta.12',
28 silly addNameRange     '1.4.0-beta.13',
28 silly addNameRange     '1.4.0-beta.14',
28 silly addNameRange     '1.4.0-beta.15',
28 silly addNameRange     '1.4.0-beta.16',
28 silly addNameRange     '1.4.0-beta.17',
28 silly addNameRange     '1.4.0-beta.18',
28 silly addNameRange     '1.4.0',
28 silly addNameRange     '1.4.1',
28 silly addNameRange     '1.4.2',
28 silly addNameRange     '1.4.3',
28 silly addNameRange     '1.4.4-beta.0',
28 silly addNameRange     '1.4.4-beta.2',
28 silly addNameRange     '1.4.4',
28 silly addNameRange     '1.4.5-beta.0',
28 silly addNameRange     '1.4.5-beta.1',
28 silly addNameRange     '1.4.5-beta.2',
28 silly addNameRange     '1.4.5-beta.3',
28 silly addNameRange     '1.4.5',
28 silly addNameRange     '1.4.6-beta.0',
28 silly addNameRange     '1.4.6',
28 silly addNameRange     '1.4.7',
28 silly addNameRange     '1.4.8',
28 silly addNameRange     '1.5.0-beta.0',
28 silly addNameRange     '1.5.0-beta.1',
28 silly addNameRange     '1.5.0',
28 silly addNameRange     '1.5.1-beta.0',
28 silly addNameRange     '1.5.1-beta.1',
28 silly addNameRange     '1.5.1-beta.2',
28 silly addNameRange     '1.5.1-beta.3',
28 silly addNameRange     '1.5.1-beta.4',
28 silly addNameRange     '1.5.1',
28 silly addNameRange     '1.5.2',
28 silly addNameRange     '1.5.3',
28 silly addNameRange     '1.5.4',
28 silly addNameRange     '1.5.5',
28 silly addNameRange     '1.6.0-beta.1',
28 silly addNameRange     '1.6.0',
28 silly addNameRange     '1.6.1',
28 silly addNameRange     '1.6.2-beta.0',
28 silly addNameRange     '1.6.2-beta.1',
28 silly addNameRange     '1.6.2-beta.2',
28 silly addNameRange     '1.6.2',
28 silly addNameRange     '1.6.3-beta.0',
28 silly addNameRange     '1.6.3-beta.1',
28 silly addNameRange     '1.6.3',
28 silly addNameRange     '1.6.4-beta.0',
28 silly addNameRange     '1.6.4-beta.1',
28 silly addNameRange     '1.6.4',
28 silly addNameRange     '1.7.0-beta.0',
28 silly addNameRange     '1.7.0-beta.1',
28 silly addNameRange     '1.7.0-beta.2',
28 silly addNameRange     '1.7.0-beta.3',
28 silly addNameRange     '2.0.0-alpha.1',
28 silly addNameRange     '2.0.0-alpha.3',
28 silly addNameRange     '1.7.0-beta.4',
28 silly addNameRange     '1.6.5-testing.0',
28 silly addNameRange     '1.6.5-testing.1',
28 silly addNameRange     '1.6.5-testing.2',
28 silly addNameRange     '1.6.5-testing.3',
28 silly addNameRange     '1.6.5',
28 silly addNameRange     '2.0.0-alpha.4',
28 silly addNameRange     '1.7.0-beta.5',
28 silly addNameRange     '1.7.0-beta.6',
28 silly addNameRange     '1.7.0',
28 silly addNameRange     '2.0.0-alpha.5',
28 silly addNameRange     '2.0.0-alpha.6',
28 silly addNameRange     '1.7.1',
28 silly addNameRange     '2.0.0-alpha.7',
28 silly addNameRange     '2.0.0-alpha.8',
28 silly addNameRange     '1.7.2',
28 silly addNameRange     '1.7.3',
28 silly addNameRange     '1.7.4',
28 silly addNameRange     '1.7.5',
28 silly addNameRange     '1.7.6',
28 silly addNameRange     '1.7.7-beta.0',
28 silly addNameRange     '2.0.0-alpha.9',
28 silly addNameRange     '1.7.7',
28 silly addNameRange     '2.0.0-alpha.10',
28 silly addNameRange     '2.0.0-alpha.11',
28 silly addNameRange     '2.0.0-alpha.12',
28 silly addNameRange     '2.0.0-alpha.13',
28 silly addNameRange     '2.0.0-alpha.14',
28 silly addNameRange     '2.0.0-alpha.15',
28 silly addNameRange     '2.0.0-alpha.16',
28 silly addNameRange     '2.0.0-alpha.17',
28 silly addNameRange     '2.0.0-alpha.18',
28 silly addNameRange     '1.7.8-beta.0',
28 silly addNameRange     '1.7.8-beta.1',
28 silly addNameRange     '1.7.8-beta.2',
28 silly addNameRange     '1.7.8-beta.3',
28 silly addNameRange     '1.7.8',
28 silly addNameRange     '2.0.0-alpha.19',
28 silly addNameRange     '2.0.0-alpha.20',
28 silly addNameRange     '2.0.0-alpha.21',
28 silly addNameRange     '2.0.0-alpha.22',
28 silly addNameRange     '2.0.0-alpha.23',
28 silly addNameRange     '1.7.9',
28 silly addNameRange     '1.7.10',
28 silly addNameRange     '2.0.0-alpha.24',
28 silly addNameRange     '2.0.0-alpha.25',
28 silly addNameRange     '2.0.0-beta.1',
28 silly addNameRange     '1.7.11',
28 silly addNameRange     '2.0.0-beta.2',
28 silly addNameRange     '2.0.0-beta.3',
28 silly addNameRange     '2.0.0-beta.4',
28 silly addNameRange     '2.0.0-beta.5',
28 silly addNameRange     '2.0.0-beta.6',
28 silly addNameRange     '2.0.0-beta.7',
28 silly addNameRange     '2.0.0-beta.8',
28 silly addNameRange     '2.0.0-beta.9',
28 silly addNameRange     '2.0.0-beta.10',
28 silly addNameRange     '2.0.0-beta.11',
28 silly addNameRange     '1.7.12',
28 silly addNameRange     '2.0.0-beta.12',
28 silly addNameRange     '2.0.0-beta.13',
28 silly addNameRange     '2.0.0-beta.14',
28 silly addNameRange     '2.0.0-beta.15',
28 silly addNameRange     '2.0.0-beta.16',
28 silly addNameRange     '2.0.0-beta.17',
28 silly addNameRange     '1.7.13',
28 silly addNameRange     '1.7.14',
28 silly addNameRange     '2.0.0-beta.18',
28 silly addNameRange     '2.0.0-beta.19',
28 silly addNameRange     '2.0.0-beta.20',
28 silly addNameRange     '2.0.0-beta.21',
28 silly addNameRange     '2.0.0-beta.22',
28 silly addNameRange     '2.0.0-beta.23',
28 silly addNameRange     '2.0.0-beta.24' ] ]
29 silly addNamed ionic@1.7.14
30 verbose addNamed "1.7.14" is a plain semver version for ionic
31 silly cache afterAdd ionic@1.7.14
32 verbose afterAdd /Users/joanrincon/.npm/ionic/1.7.14/package/package.json not in flight; writing
33 verbose afterAdd /Users/joanrincon/.npm/ionic/1.7.14/package/package.json written
34 silly install resolved [ { name: 'ionic',
34 silly install resolved     version: '1.7.14',
34 silly install resolved     preferGlobal: true,
34 silly install resolved     description: 'A tool for creating and developing Ionic Framework mobile apps.',
34 silly install resolved     homepage: 'http://ionicframework.com/',
34 silly install resolved     bin: { ionic: 'bin/ionic' },
34 silly install resolved     scripts:
34 silly install resolved      { bump: 'node lib/tasks/bumpversion',
34 silly install resolved        'beta-bump': 'node lib/tasks/bumpversion --level pre --identifier beta',
34 silly install resolved        'publish-release': 'node lib/tasks/bumpversion --npmPublish',
34 silly install resolved        'publish-tag': 'node lib/tasks/bumpversion --level beta --npmPublishTag',
34 silly install resolved        'full-release': 'node lib/tasks/bumpversion --npmInstall --git --npmPublish',
34 silly install resolved        test: 'npm run jasmine',
34 silly install resolved        e2e: 'jasmine-node --captureExceptions ./e2e',
34 silly install resolved        jasmine: 'jasmine-node --captureExceptions  ./spec' },
34 silly install resolved     keywords:
34 silly install resolved      [ 'ionic',
34 silly install resolved        'ionic framework',
34 silly install resolved        'ionicframework',
34 silly install resolved        'mobile',
34 silly install resolved        'app',
34 silly install resolved        'hybrid',
34 silly install resolved        'cordova',
34 silly install resolved        'phonegap' ],
34 silly install resolved     repository:
34 silly install resolved      { type: 'git',
34 silly install resolved        url: 'git+https://github.com/driftyco/ionic-cli.git' },
34 silly install resolved     contributors: [ [Object], [Object], [Object], [Object] ],
34 silly install resolved     license: 'MIT',
34 silly install resolved     dependencies:
34 silly install resolved      { async: '^0.9.0',
34 silly install resolved        cheerio: '^0.19.0',
34 silly install resolved        'cli-table': '^0.3.1',
34 silly install resolved        colors: '0.6.2',
34 silly install resolved        connect: '3.1.1',
34 silly install resolved        'connect-livereload': '0.5.2',
34 silly install resolved        crc: '3.2.1',
34 silly install resolved        'cross-spawn': '0.2.3',
34 silly install resolved        'event-stream': '3.0.x',
34 silly install resolved        'expand-tilde': '^1.2.0',
34 silly install resolved        finalhandler: '0.2.0',
34 silly install resolved        'form-data': '0.1.4',
34 silly install resolved        gulp: '3.8.8',
34 silly install resolved        'ionic-app-lib': '0.7.0',
34 silly install resolved        moment: '^2.10.6',
34 silly install resolved        ncp: '0.4.2',
34 silly install resolved        npm: '2.1.3',
34 silly install resolved        open: '0.0.5',
34 silly install resolved        optimist: '0.6.0',
34 silly install resolved        progress: '1.1.7',
34 silly install resolved        prompt: '0.2.12',
34 silly install resolved        'proxy-middleware': '^0.7.0',
34 silly install resolved        q: '1.0.1',
34 silly install resolved        request: '2.51.0',
34 silly install resolved        semver: '^4.2.0',
34 silly install resolved        'serve-static': '1.7.1',
34 silly install resolved        shelljs: '0.2.6',
34 silly install resolved        'tiny-lr-fork': '0.0.5',
34 silly install resolved        underscore: '~1.7.0',
34 silly install resolved        unzip: '0.1.9',
34 silly install resolved        'vinyl-fs': '0.3.7',
34 silly install resolved        xml2js: '0.4.4' },
34 silly install resolved     devDependencies: { 'jasmine-node': '^1.14.5', rewire: '^2.3.4' },
34 silly install resolved     gitHead: '5b03fedea11144cebd15a374c14c48252a318723',
34 silly install resolved     bugs: { url: 'https://github.com/driftyco/ionic-cli/issues' },
34 silly install resolved     bundleDependencies:
34 silly install resolved      [ 'async',
34 silly install resolved        'cheerio',
34 silly install resolved        'cli-table',
34 silly install resolved        'colors',
34 silly install resolved        'connect',
34 silly install resolved        'connect-livereload',
34 silly install resolved        'crc',
34 silly install resolved        'cross-spawn',
34 silly install resolved        'event-stream',
34 silly install resolved        'expand-tilde',
34 silly install resolved        'finalhandler',
34 silly install resolved        'form-data',
34 silly install resolved        'gulp',
34 silly install resolved        'ionic-app-lib',
34 silly install resolved        'moment',
34 silly install resolved        'ncp',
34 silly install resolved        'npm',
34 silly install resolved        'open',
34 silly install resolved        'optimist',
34 silly install resolved        'progress',
34 silly install resolved        'prompt',
34 silly install resolved        'proxy-middleware',
34 silly install resolved        'q',
34 silly install resolved        'request',
34 silly install resolved        'semver',
34 silly install resolved        'serve-static',
34 silly install resolved        'shelljs',
34 silly install resolved        'tiny-lr-fork',
34 silly install resolved        'underscore',
34 silly install resolved        'unzip',
34 silly install resolved        'vinyl-fs',
34 silly install resolved        'xml2js' ],
34 silly install resolved     _id: 'ionic@1.7.14',
34 silly install resolved     _shasum: 'af493d5df4688d917d778b0934d1739b9be6efe6',
34 silly install resolved     _from: 'ionic@*',
34 silly install resolved     _npmVersion: '3.3.12',
34 silly install resolved     _nodeVersion: '5.1.0',
34 silly install resolved     _npmUser: { name: 'dwieeb', email: 'dwieeb@gmail.com' },
34 silly install resolved     dist:
34 silly install resolved      { shasum: 'af493d5df4688d917d778b0934d1739b9be6efe6',
34 silly install resolved        tarball: 'http://registry.npmjs.org/ionic/-/ionic-1.7.14.tgz' },
34 silly install resolved     maintainers: [ [Object], [Object], [Object], [Object], [Object] ],
34 silly install resolved     _npmOperationalInternal:
34 silly install resolved      { host: 'packages-9-west.internal.npmjs.com',
34 silly install resolved        tmp: 'tmp/ionic-1.7.14.tgz_1454368560204_0.25241430499590933' },
34 silly install resolved     directories: {},
34 silly install resolved     _resolved: 'https://registry.npmjs.org/ionic/-/ionic-1.7.14.tgz',
34 silly install resolved     readme: 'ERROR: No README data found!' } ]
35 info install ionic@1.7.14 into /usr/local/lib
36 info installOne ionic@1.7.14
37 verbose installOne of ionic to /usr/local/lib not in flight; installing
38 warn locking Error: EACCES, open '/Users/joanrincon/.npm/_locks/ionic-61c0cd50dc7a1457.lock'
38 warn locking     at Error (native)
38 warn locking  /Users/joanrincon/.npm/_locks/ionic-61c0cd50dc7a1457.lock failed { [Error: EACCES, open '/Users/joanrincon/.npm/_locks/ionic-61c0cd50dc7a1457.lock']
38 warn locking   errno: -13,
38 warn locking   code: 'EACCES',
38 warn locking   path: '/Users/joanrincon/.npm/_locks/ionic-61c0cd50dc7a1457.lock' }
39 verbose stack Error: Attempt to unlock /usr/local/lib/node_modules/ionic, which hasn't been locked
39 verbose stack     at unlock (/usr/local/lib/node_modules/npm/lib/utils/locker.js:66:11)
39 verbose stack     at cb (/usr/local/lib/node_modules/npm/lib/install.js:1017:5)
39 verbose stack     at /usr/local/lib/node_modules/npm/lib/install.js:1021:20
39 verbose stack     at /usr/local/lib/node_modules/npm/lib/utils/locker.js:40:9
39 verbose stack     at cb (/usr/local/lib/node_modules/npm/node_modules/lockfile/lockfile.js:149:38)
39 verbose stack     at /usr/local/lib/node_modules/npm/node_modules/lockfile/lockfile.js:177:38
39 verbose stack     at FSReqWrap.oncomplete (fs.js:95:15)
40 verbose cwd /Users/joanrincon/Documents/ProyectoDeGrado/current.version/Movil/currentVersion
41 error Darwin 15.0.0
42 error argv "node" "/usr/local/bin/npm" "install" "-g" "ionic"
43 error node v0.12.7
44 error npm  v2.11.3
45 error Attempt to unlock /usr/local/lib/node_modules/ionic, which hasn't been locked
46 error If you need help, you may report this error at:
46 error     <https://github.com/npm/npm/issues>
47 verbose exit [ 1, true ]
